<?xml version="1.0" encoding="utf-8"?><testsuites name="pytest tests"><testsuite name="pytest" errors="0" failures="0" skipped="0" tests="17" time="0.288" timestamp="2026-07-31T06:39:21.326456+00:00" hostname="agent-env-1cd814b4-ba93-40cc-88b1-0152cac7f6ec"><testcase classname="tests.test_everything_share.TestDevices" name="test_register_returns_code" time="0.005" /><testcase classname="tests.test_everything_share.TestDevices" name="test_get_by_id" time="0.005" /><testcase classname="tests.test_everything_share.TestDevices" name="test_get_by_id_404" time="0.002" /><testcase classname="tests.test_everything_share.TestDevices" name="test_get_by_code" time="0.004" /><testcase classname="tests.test_everything_share.TestDevices" name="test_get_by_code_404" time="0.002" /><testcase classname="tests.test_everything_share.TestDevices" name="test_patch_name" time="0.003" /><testcase classname="tests.test_everything_share.TestUpload" name="test_upload_text_and_persist" time="0.004" /><testcase classname="tests.test_everything_share.TestUpload" name="test_upload_png" time="0.003" /><testcase classname="tests.test_everything_share.TestUpload" name="test_upload_unknown_code" time="0.002" /><testcase classname="tests.test_everything_share.TestUpload" name="test_upload_unknown_sender" time="0.002" /><testcase classname="tests.test_everything_share.TestListing" name="test_received_and_sent" time="0.005" /><testcase classname="tests.test_everything_share.TestListing" name="test_search_q" time="0.002" /><testcase classname="tests.test_everything_share.TestListing" name="test_search_kind_image" time="0.002" /><testcase classname="tests.test_everything_share.TestFileActions" name="test_download" time="0.005" /><testcase classname="tests.test_everything_share.TestFileActions" name="test_favorite_toggle" time="0.004" /><testcase classname="tests.test_everything_share.TestFileActions" name="test_delete" time="0.003" /><testcase classname="tests.test_everything_share.TestWebSocket" name="test_ws_receives_events" time="0.216" /></testsuite></testsuites>